#
# There is insufficient memory for the Java Runtime Environment to continue.
# Native memory allocation (malloc) failed to allocate 1048576 bytes for AllocateHeap
# Possible reasons:
#   The system is out of physical RAM or swap space
#   In 32 bit mode, the process size limit was hit
# Possible solutions:
#   Reduce memory load on the system
#   Increase physical memory or swap space
#   Check if swap backing store is full
#   Use 64 bit Java on a 64 bit OS
#   Decrease Java heap size (-Xmx/-Xms)
#   Decrease number of Java threads
#   Decrease Java thread stack sizes (-Xss)
#   Set larger code cache with -XX:ReservedCodeCacheSize=
# This output file may be truncated or incomplete.
#
#  Out of Memory Error (memory/allocation.inline.hpp:62), pid=28980, tid=28700
#
# JRE version:  (8.0_20-b26) (build )
# Java VM: Java HotSpot(TM) 64-Bit Server VM (25.20-b23 mixed mode windows-amd64 compressed oops)
# Failed to write core dump. Minidumps are not enabled by default on client versions of Windows
#

---------------  T H R E A D  ---------------

Current thread (0x000000000091e800):  JavaThread "Unknown thread" [_thread_in_vm, id=28700, stack(0x0000000002070000,0x0000000002170000)]

Stack: [0x0000000002070000,0x0000000002170000]
Native frames: (J=compiled Java code, j=interpreted, Vv=VM code, C=native code)
V  [jvm.dll+0x3152fa]
V  [jvm.dll+0x265d03]
V  [jvm.dll+0x266943]
V  [jvm.dll+0x25e265]
V  [jvm.dll+0x3ddc3f]
V  [jvm.dll+0x3de73f]
V  [jvm.dll+0x3de854]
V  [jvm.dll+0x3dea23]
V  [jvm.dll+0xe4472]
V  [jvm.dll+0x1f8a09]
V  [jvm.dll+0x229fc4]
V  [jvm.dll+0x14c6f1]
C  [javaw.exe+0x20c6]
C  [javaw.exe+0xc9eb]
C  [javaw.exe+0xca7f]
C  [KERNEL32.DLL+0x12d92]
C  [ntdll.dll+0x9f64]


---------------  P R O C E S S  ---------------

Java Threads: ( => current thread )

Other Threads:

=>0x000000000091e800 (exited) JavaThread "Unknown thread" [_thread_in_vm, id=28700, stack(0x0000000002070000,0x0000000002170000)]

VM state:not at safepoint (normal execution)

VM Mutex/Monitor currently owned by a thread: None

Heap:
 PSYoungGen      total 38400K, used 665K [0x00000000d5c00000, 0x00000000d8680000, 0x0000000100000000)
  eden space 33280K, 2% used [0x00000000d5c00000,0x00000000d5ca6670,0x00000000d7c80000)
  from space 5120K, 0% used [0x00000000d8180000,0x00000000d8180000,0x00000000d8680000)
  to   space 5120K, 0% used [0x00000000d7c80000,0x00000000d7c80000,0x00000000d8180000)
 ParOldGen       total 87552K, used 0K [0x0000000081400000, 0x0000000086980000, 0x00000000d5c00000)
  object space 87552K, 0% used [0x0000000081400000,0x0000000081400000,0x0000000086980000)
 Metaspace       used 684K, capacity 4480K, committed 4480K, reserved 1056768K
  class space    used 66K, capacity 384K, committed 384K, reserved 1048576K

Card table byte_map: [0x0000000011a00000,0x0000000011e00000] byte_map_base: 0x00000000115f6000

Marking Bits: (ParMarkBitMap*) 0x000000005569b460
 Begin Bits: [0x00000000124b0000, 0x0000000014460000)
 End Bits:   [0x0000000014460000, 0x0000000016410000)

Polling page: 0x00000000005c0000

CodeCache: size=245760Kb used=327Kb max_used=327Kb free=245432Kb
 bounds [0x0000000002640000, 0x00000000028b0000, 0x0000000011640000]
 total_blobs=56 nmethods=0 adapters=37
 compilation: enabled

Compilation events (0 events):
No events

GC Heap History (0 events):
No events

Deoptimization events (0 events):
No events

Internal exceptions (0 events):
No events

Events (10 events):
Event: 0.071 loading class java/lang/Short
Event: 0.071 loading class java/lang/Short done
Event: 0.071 loading class java/lang/Integer
Event: 0.071 loading class java/lang/Integer done
Event: 0.071 loading class java/lang/Long
Event: 0.071 loading class java/lang/Long done
Event: 0.072 loading class java/lang/NullPointerException
Event: 0.072 loading class java/lang/NullPointerException done
Event: 0.072 loading class java/lang/ArithmeticException
Event: 0.072 loading class java/lang/ArithmeticException done


Dynamic libraries:
0x00007ff7bfd70000 - 0x00007ff7bfda4000 	C:\Program Files\Java\jdk1.8.0_20\bin\javaw.exe
0x00007ffd0f2b0000 - 0x00007ffd0f471000 	C:\WINDOWS\SYSTEM32\ntdll.dll
0x00007ffd0e730000 - 0x00007ffd0e7dd000 	C:\WINDOWS\system32\KERNEL32.DLL
0x00007ffd0c6c0000 - 0x00007ffd0c89d000 	C:\WINDOWS\system32\KERNELBASE.dll
0x00007ffd0cbe0000 - 0x00007ffd0cc86000 	C:\WINDOWS\system32\ADVAPI32.dll
0x00007ffd0e270000 - 0x00007ffd0e30d000 	C:\WINDOWS\system32\msvcrt.dll
0x00007ffd0ec60000 - 0x00007ffd0ecbb000 	C:\WINDOWS\system32\sechost.dll
0x00007ffd0cab0000 - 0x00007ffd0cbd6000 	C:\WINDOWS\system32\RPCRT4.dll
0x00007ffd0c960000 - 0x00007ffd0caae000 	C:\WINDOWS\system32\USER32.dll
0x00007ffd0e3f0000 - 0x00007ffd0e576000 	C:\WINDOWS\system32\GDI32.dll
0x00007ffcfb750000 - 0x00007ffcfb9c4000 	C:\WINDOWS\WinSxS\amd64_microsoft.windows.common-controls_6595b64144ccf1df_6.0.10240.16384_none_f41f7b285750ef43\COMCTL32.dll
0x00007ffd0ee20000 - 0x00007ffd0ee56000 	C:\WINDOWS\system32\IMM32.DLL
0x00007ffd0ecc0000 - 0x00007ffd0ee1c000 	C:\WINDOWS\system32\MSCTF.dll
0x0000000056190000 - 0x0000000056262000 	C:\Program Files\Java\jdk1.8.0_20\jre\bin\msvcr100.dll
0x0000000054ec0000 - 0x0000000055718000 	C:\Program Files\Java\jdk1.8.0_20\jre\bin\server\jvm.dll
0x00007ffd0ea20000 - 0x00007ffd0ea28000 	C:\WINDOWS\system32\PSAPI.DLL
0x00007ffd00840000 - 0x00007ffd00849000 	C:\WINDOWS\SYSTEM32\WSOCK32.dll
0x00007ffd0e9b0000 - 0x00007ffd0ea19000 	C:\WINDOWS\system32\WS2_32.dll
0x00007ffd0ee60000 - 0x00007ffd0ee68000 	C:\WINDOWS\system32\NSI.dll
0x00007ffd0a390000 - 0x00007ffd0a3b3000 	C:\WINDOWS\SYSTEM32\WINMM.dll
0x00007ffd0a2e0000 - 0x00007ffd0a30c000 	C:\WINDOWS\SYSTEM32\WINMMBASE.dll
0x00007ffd0c670000 - 0x00007ffd0c6b4000 	C:\WINDOWS\system32\cfgmgr32.dll
0x00007ffd0a590000 - 0x00007ffd0a5b7000 	C:\WINDOWS\SYSTEM32\DEVOBJ.dll
0x0000000056300000 - 0x000000005630f000 	C:\Program Files\Java\jdk1.8.0_20\jre\bin\verify.dll
0x00000000562d0000 - 0x00000000562f8000 	C:\Program Files\Java\jdk1.8.0_20\jre\bin\java.dll
0x0000000054e50000 - 0x0000000054e85000 	C:\Program Files\Java\jdk1.8.0_20\jre\bin\jdwp.dll
0x0000000054e40000 - 0x0000000054e48000 	C:\Program Files\Java\jdk1.8.0_20\jre\bin\npt.dll
0x00000000562b0000 - 0x00000000562c6000 	C:\Program Files\Java\jdk1.8.0_20\jre\bin\zip.dll
0x00007ffd009c0000 - 0x00007ffd00b4a000 	C:\WINDOWS\SYSTEM32\dbghelp.dll

VM Arguments:
jvm_args: -agentlib:jdwp=transport=dt_socket,suspend=y,address=localhost:7984 -Dfile.encoding=UTF-8 
java_command: com.ganleilei.MainClass
java_class_path (initial): D:\workspace\LeetCode\bin
Launcher Type: SUN_STANDARD

Environment Variables:
JAVA_HOME=C:\Program Files\Java\jdk1.8.0_20
PATH=C:/Program Files/Java/jdk1.8.0_20/bin/../jre/bin/server;C:/Program Files/Java/jdk1.8.0_20/bin/../jre/bin;C:/Program Files/Java/jdk1.8.0_20/bin/../jre/lib/amd64;C:\Perl\site\bin;C:\Perl\bin;C:\Python27\Lib\site-packages\PyQt4;C:\Python33;C:\Program Files\Java\jdk1.8.0_20\bin;C:\Program Files\Java\jdk1.8.0_20\jre\bin;C:\ProgramData\Oracle\Java\javapath;C:\Windows\system32;C:\Windows;C:\Windows\System32\Wbem;C:\Windows\System32\WindowsPowerShell\v1.0\;C:\Program Files (x86)\Microsoft SQL Server\100\Tools\Binn\;C:\Program Files\Microsoft SQL Server\100\Tools\Binn\;C:\Program Files\Microsoft SQL Server\100\DTS\Binn\;D:\Andriod-Sdk\sdk\tools;C:\Python27;C:\Python27\DLLs;C:\Python27\Scripts;C:\Python27\Lib\site-packages\vtk;C:\Python27\gnuplot\binary;C:\Python27\Lib\site-packages\osgeo;C:\Program Files (x86)\pythonxy\SciTE-3.3.2-3;C:\Program Files (x86)\pythonxy\console;C:\MinGW32-xy\bin;C:\Program Files (x86)\pythonxy\swig;C:\Program Files (x86)\pythonxy\gettext\bin;C:\Program Files\MiKTeX 2.9\miktex\bin\x64\;C:\Program Files\MATLAB\R2013b\runtime\win64;C:\Program Files\MATLAB\R2013b\bin;C:\Program Files (x86)\Windows Kits\8.1\Windows Performance Toolkit\;C:\Program Files\Microsoft SQL Server\110\Tools\Binn\;D:\pypy-2.4.0-win32;C:\WINDOWS\system32;C:\WINDOWS;C:\WINDOWS\System32\Wbem;C:\WINDOWS\System32\WindowsPowerShell\v1.0\;C:\Program Files\nodejs\;C:\Program Files (x86)\Git\cmd;C:\Program Files (x86)\Git\bin;C:\Users\gump\AppData\Roaming\npm;D:\eclipse;
USERNAME=gump
OS=Windows_NT
PROCESSOR_IDENTIFIER=Intel64 Family 6 Model 60 Stepping 3, GenuineIntel



---------------  S Y S T E M  ---------------

OS: Windows 8.1 , 64 bit Build 9600 

CPU:total 4 (2 cores per cpu, 2 threads per core) family 6 model 60 stepping 3, cmov, cx8, fxsr, mmx, sse, sse2, sse3, ssse3, sse4.1, sse4.2, popcnt, avx, avx2, aes, clmul, erms, lzcnt, ht, tsc, tscinvbit, bmi1, bmi2

Memory: 4k page, physical 8305416k(3012092k free), swap 33471240k(276072k free)

vm_info: Java HotSpot(TM) 64-Bit Server VM (25.20-b23) for windows-amd64 JRE (1.8.0_20-b26), built on Jul 30 2014 13:51:23 by "java_re" with MS VC++ 10.0 (VS2010)

time: Wed Oct 28 14:09:37 2015
elapsed time: 1 seconds (0d 0h 0m 1s)

